<?xml version="1.0" encoding="UTF-8"?>
<!-- Generated by org.testng.reporters.JUnitReportReporter -->
<testsuite hostname="LAPTOP-RE35JDP4" failures="0" tests="1" name="Axis.QA.InvokeChromeBrowser" time="6.530" errors="0" timestamp="2024-02-26T14:27:53 IST" skipped="0">
  <testcase classname="Axis.QA.InvokeChromeBrowser" name="InvokeChrome" time="6.530"/>
  <system-out/>
</testsuite> <!-- Axis.QA.InvokeChromeBrowser -->
