<?xml version="1.0" encoding="UTF-8"?>
<!-- Generated by org.testng.reporters.JUnitReportReporter -->
<testsuite hostname="LAPTOP-RE35JDP4" failures="0" tests="1" name="Axis.QA.NewTest" time="0.021" errors="0" timestamp="2024-02-26T14:35:42 IST" skipped="0">
  <testcase classname="Axis.QA.NewTest" name="testcase1tesng" time="0.021"/>
  <system-out/>
</testsuite> <!-- Axis.QA.NewTest -->
