<?xml version="1.0" encoding="UTF-8"?>
<!-- Generated by org.testng.reporters.JUnitReportReporter -->
<testsuite hostname="LAPTOP-RE35JDP4" failures="0" tests="3" name="Axis.QA.Prioritytesting" time="0.007" errors="0" timestamp="2024-02-26T14:35:42 IST" skipped="0">
  <testcase classname="Axis.QA.Prioritytesting" name="testcase1" time="0.001"/>
  <system-out/>
  <testcase classname="Axis.QA.Prioritytesting" name="testcase2" time="0.003"/>
  <system-out/>
  <testcase classname="Axis.QA.Prioritytesting" name="testcase3" time="0.003"/>
  <system-out/>
</testsuite> <!-- Axis.QA.Prioritytesting -->
