<?xml version="1.0" encoding="UTF-8"?>
<!-- Generated by org.testng.reporters.JUnitReportReporter -->
<testsuite hostname="LAPTOP-RE35JDP4" failures="0" tests="3" name="Axis.QA.Grouping" time="0.014" errors="0" timestamp="2024-02-26T16:19:37 IST" skipped="0">
  <testcase classname="Axis.QA.Grouping" name="login" time="0.002"/>
  <system-out/>
  <testcase classname="Axis.QA.Grouping" name="Products" time="0.002"/>
  <system-out/>
  <testcase classname="Axis.QA.Grouping" name="AddTocart" time="0.010"/>
  <system-out/>
</testsuite> <!-- Axis.QA.Grouping -->
