<?xml version="1.0" encoding="UTF-8"?>
<!-- Generated by org.testng.reporters.JUnitReportReporter -->
<testsuite hostname="LAPTOP-RE35JDP4" failures="0" tests="1" name="Axis.QA.SoftAssertEg" time="19.032" errors="0" timestamp="2024-02-26T23:11:31 IST" skipped="0">
  <testcase classname="Axis.QA.SoftAssertEg" name="testsoftassert" time="19.032"/>
  <system-out/>
</testsuite> <!-- Axis.QA.SoftAssertEg -->
