<?xml version="1.0" encoding="UTF-8"?>
<!-- Generated by org.testng.reporters.JUnitReportReporter -->
<testsuite hostname="LAPTOP-RE35JDP4" failures="0" tests="3" name="Axis.QA.Enabledtesting" time="0.011" errors="0" timestamp="2024-02-26T20:23:40 IST" skipped="1">
  <testcase classname="Axis.QA.Enabledtesting" name="testcase2" time="0.009"/>
  <system-out/>
  <testcase classname="Axis.QA.Enabledtesting" name="testcase3" time="0.002"/>
  <system-out/>
  <testcase classname="Axis.QA.Enabledtesting" name="testcase1">
    <skipped/>
  </testcase> <!-- testcase1 -->
  <system-out/>
</testsuite> <!-- Axis.QA.Enabledtesting -->
