<?xml version="1.0" encoding="UTF-8"?>
<!-- Generated by org.testng.reporters.JUnitReportReporter -->
<testsuite hostname="LAPTOP-RE35JDP4" failures="0" tests="3" name="Axis.QA.DependsOnMethodeg" time="0.008" errors="0" timestamp="2024-02-26T14:35:42 IST" skipped="0">
  <testcase classname="Axis.QA.DependsOnMethodeg" name="testcase1" time="0.002"/>
  <system-out/>
  <testcase classname="Axis.QA.DependsOnMethodeg" name="testcase3" time="0.002"/>
  <system-out/>
  <testcase classname="Axis.QA.DependsOnMethodeg" name="testcase2" time="0.004"/>
  <system-out/>
</testsuite> <!-- Axis.QA.DependsOnMethodeg -->
