<?xml version="1.0" encoding="UTF-8"?>
<!-- Generated by org.testng.reporters.JUnitReportReporter -->
<testsuite hostname="LAPTOP-RE35JDP4" failures="0" tests="1" name="Axis.QA.InvokeEdge" time="8.356" errors="0" timestamp="2024-02-26T14:39:28 IST" skipped="0">
  <testcase classname="Axis.QA.InvokeEdge" name="Invokeedge" time="8.356"/>
  <system-out/>
</testsuite> <!-- Axis.QA.InvokeEdge -->
