<?xml version="1.0" encoding="UTF-8"?>
<!-- Generated by org.testng.reporters.JUnitReportReporter -->
<testsuite hostname="LAPTOP-RE35JDP4" failures="0" tests="2" name="Axis.QA.ParallelTesting" time="19.038" errors="0" timestamp="2024-02-26T23:20:29 IST" skipped="0">
  <testcase classname="Axis.QA.ParallelTesting" name="InvokeCrome" time="9.988"/>
  <system-out/>
  <testcase classname="Axis.QA.ParallelTesting" name="InvokeEdge" time="9.050"/>
  <system-out/>
</testsuite> <!-- Axis.QA.ParallelTesting -->
